{
  "stats": {
    "suites": 1,
    "tests": 1,
    "passes": 0,
    "pending": 0,
    "failures": 1,
    "start": "2024-01-08T09:32:59.147Z",
    "end": "2024-01-08T09:33:20.569Z",
    "duration": 21422,
    "testsRegistered": 1,
    "passPercent": 0,
    "pendingPercent": 0,
    "other": 0,
    "hasOther": false,
    "skipped": 0,
    "hasSkipped": false
  },
  "results": [
    {
      "uuid": "15dd3e06-ee36-4d36-8354-fa44af454768",
      "title": "",
      "fullFile": "cypress\\e2e\\spec.cy.js",
      "file": "cypress\\e2e\\spec.cy.js",
      "beforeHooks": [],
      "afterHooks": [],
      "tests": [],
      "suites": [
        {
          "uuid": "35ce5957-de97-481d-9a52-b1685f87b898",
          "title": "login test",
          "fullFile": "",
          "file": "",
          "beforeHooks": [],
          "afterHooks": [],
          "tests": [
            {
              "title": "testlogin",
              "fullTitle": "login test testlogin",
              "timedOut": null,
              "duration": 16932,
              "state": "failed",
              "speed": null,
              "pass": false,
              "fail": true,
              "pending": false,
              "context": null,
              "code": "cy.signin();",
              "err": {
                "message": "AssertionError: Timed out retrying after 4000ms: Expected to find element: `a[href=\"/contacts\"]`, but never found it.",
                "estack": "AssertionError: Timed out retrying after 4000ms: Expected to find element: `a[href=\"/contacts\"]`, but never found it.\n    at Login_PO.createContact (webpack://krisp/./cypress/support/PageObject/Login_PO.js:24:11)\n    at Context.eval (webpack://krisp/./cypress/support/commands.js:9:8)",
                "diff": null
              },
              "uuid": "c6b7c170-7e2c-4d0b-9bc4-b057478ac916",
              "parentUUID": "35ce5957-de97-481d-9a52-b1685f87b898",
              "isHook": false,
              "skipped": false
            }
          ],
          "suites": [],
          "passes": [],
          "failures": [
            "c6b7c170-7e2c-4d0b-9bc4-b057478ac916"
          ],
          "pending": [],
          "skipped": [],
          "duration": 16932,
          "root": false,
          "rootEmpty": false,
          "_timeout": 2000
        }
      ],
      "passes": [],
      "failures": [],
      "pending": [],
      "skipped": [],
      "duration": 0,
      "root": true,
      "rootEmpty": true,
      "_timeout": 2000
    }
  ],
  "meta": {
    "mocha": {
      "version": "7.0.1"
    },
    "mochawesome": {
      "options": {
        "quiet": false,
        "reportFilename": "mochawesome",
        "saveHtml": true,
        "saveJson": true,
        "consoleReporter": "spec",
        "useInlineDiffs": false,
        "code": true
      },
      "version": "7.1.3"
    },
    "marge": {
      "options": null,
      "version": "6.2.0"
    }
  }
}